Desired speed decision 50 is only 12.22 meter upstream of the next connector!
Desired speed decision 52 is only 45.96 meter upstream of the next connector!
Desired speed decision 51 is only 45.89 meter upstream of the next connector!
Desired speed decision 905 is only 45.80 meter upstream of the next connector!
Desired speed decision 161 is only 56.30 meter upstream of the next connector!
Desired speed decision 160 is only 56.30 meter upstream of the next connector!
Desired speed decision 916 is only 56.25 meter upstream of the next connector!
Desired speed decision 210 is only 48.57 meter upstream of the next connector!
Desired speed decision 212 is only 48.47 meter upstream of the next connector!
Desired speed decision 211 is only 48.19 meter upstream of the next connector!
Desired speed decision 190 is only 53.21 meter upstream of the next connector!
Desired speed decision 919 is only 53.11 meter upstream of the next connector!
Desired speed decision 921 is only 47.93 meter upstream of the next connector!
Desired speed decision 192 is only 52.94 meter upstream of the next connector!
Desired speed decision 191 is only 52.91 meter upstream of the next connector!
Desired speed decision 62 is only 39.62 meter upstream of the next connector!
Desired speed decision 906 is only 39.56 meter upstream of the next connector!
Desired speed decision 61 is only 39.30 meter upstream of the next connector!
Desired speed decision 60 is only 39.02 meter upstream of the next connector!
Routing decision 26 is only 54.05 meter upstream of the next connector!
Routing decision 4 is only 45.42 meter upstream of the next connector!
Routing decision 14 is only 51.08 meter upstream of the next connector!
Routing decision 16 is only 49.78 meter upstream of the next connector!
Routing decision 20 is only 53.94 meter upstream of the next connector!
Routing decision 13 is only 48.05 meter upstream of the next connector!
Routing decision 41 is only 53.61 meter upstream of the next connector!
Routing decision 10 is only 55.13 meter upstream of the next connector!
Routing decision 23 is only 52.48 meter upstream of the next connector!
Routing decision 19 is only 45.28 meter upstream of the next connector!
Routing decision 18 is only 40.17 meter upstream of the next connector!
Routing decision 25 is only 47.35 meter upstream of the next connector!
Routing decision 27 is only 29.39 meter upstream of the next connector!
Routing decision 7 is only 56.57 meter upstream of the next connector!
Routing decision 56 is only 48.34 meter upstream of the next connector!
Routing decision 48 is only 14.36 meter upstream of the next connector!
Routing decision 47 is only 42.36 meter upstream of the next connector!
Routing decision 46 is only 36.19 meter upstream of the next connector!
Routing decision 53 is only 47.37 meter upstream of the next connector!
Routing decision 29 is only 30.69 meter upstream of the next connector!
Routing decision 8 is only 29.94 meter upstream of the next connector!
Routing decision 37 is only 38.50 meter upstream of the next connector!
Routing decision 43 is only 22.16 meter upstream of the next connector!
Simulation time 301: Vehicle 1257 (on route 3 from
  routing decision 27) reached the end of link 82
  while searching for the next link (10350) of the route.
Simulation time 398: Vehicle 556 (on route 2 from
  routing decision 42) reached the end of link 167
  while searching for the next link (10230) of the route.
Simulation time 559: Vehicle 1577 (on route 3 from
  routing decision 24) reached the end of link 71
  while searching for the next link (10119) of the route.
Simulation time 611: Vehicle 375 (on route 1 from
  routing decision 44) reached the end of link 125
  while searching for the next link (10226) of the route.
Simulation time 710: Vehicle 2310 (on route 3 from
  routing decision 15) reached the end of link 40
  while searching for the next link (10352) of the route.
Simulation time 767: Vehicle 3677 (on route 1 from
  routing decision 42) reached the end of link 167
  while searching for the next link (10225) of the route.
Simulation time 802: Vehicle 2256 (on route 2 from
  routing decision 40) reached the end of link 12
  while searching for the next link (10309) of the route.
Simulation time 893: Vehicle 3432 (on route 2 from
  routing decision 46) reached the end of link 130
  while searching for the next link (10258) of the route.
Simulation time 893: Vehicle 4467 (on route 3 from
  routing decision 7) reached the end of link 197
  while searching for the next link (10026) of the route.
Simulation time 905: Vehicle 3106 (on route 2 from
  routing decision 36) reached the end of link 109
  while searching for the next link (10200) of the route.
Simulation time 907: Vehicle 4570 (on route 3 from
  routing decision 7) reached the end of link 197
  while searching for the next link (10026) of the route.
Simulation time 920: Vehicle 3642 (on route 2 from
  routing decision 24) reached the end of link 72
  while searching for the next link (10126) of the route.
Simulation time 937: Vehicle 3483 (on route 3 from
  routing decision 40) reached the end of link 12
  while searching for the next link (10217) of the route.
Simulation time 1044: Vehicle 5548 (on route 3 from
  routing decision 27) reached the end of link 82
  while searching for the next link (10350) of the route.
Simulation time 1063: Vehicle 4920 (on route 3 from
  routing decision 24) reached the end of link 71
  while searching for the next link (10119) of the route.
Simulation time 1165: Vehicle 1203 (on route 1 from
  routing decision 12) reached the end of link 212
  while searching for the next link (10047) of the route.
Simulation time 1170: Vehicle 6135 (on route 3 from
  routing decision 7) reached the end of link 197
  while searching for the next link (10026) of the route.
Simulation time 1172: Vehicle 3940 (on route 1 from
  routing decision 12) reached the end of link 212
  while searching for the next link (10047) of the route.
Simulation time 1178: Vehicle 3869 (on route 1 from
  routing decision 12) reached the end of link 212
  while searching for the next link (10047) of the route.
Simulation time 1185: Vehicle 1588 (on route 1 from
  routing decision 12) reached the end of link 212
  while searching for the next link (10047) of the route.
Simulation time 1192: Vehicle 4034 (on route 1 from
  routing decision 12) reached the end of link 212
  while searching for the next link (10047) of the route.
Simulation time 1241: Vehicle 5464 (on route 4 from
  routing decision 19) reached the end of link 9
  while searching for the next link (10136) of the route.
Simulation time 1444: Vehicle 7431 (on route 3 from
  routing decision 23) reached the end of link 65
  while searching for the next link (10103) of the route.
Simulation time 1553: Vehicle 6958 (on route 2 from
  routing decision 46) reached the end of link 130
  while searching for the next link (10258) of the route.
